<?xml version="1.0" encoding="UTF-8"?>
<!-- Generated by org.testng.reporters.JUnitReportReporter -->
<testsuite hostname="LAPTOP-2VUVNRGK" failures="0" tests="1" name="com.TestRunnerBOA.qa.DemoBOARunner" time="7.602" errors="0" timestamp="2022-12-20T11:48:33 CET" skipped="0">
  <testcase classname="com.TestRunnerBOA.qa.DemoBOARunner" name="feature" time="7.602"/>
  <system-out/>
</testsuite> <!-- com.TestRunnerBOA.qa.DemoBOARunner -->
